#! /c/Source/iverilog-install/bin/vvp
:ivl_version "12.0 (devel)" "(s20150603-1539-g2693dd32b)";
:ivl_delay_selection "TYPICAL";
:vpi_time_precision - 12;
:vpi_module "C:\iverilog\lib\ivl\system.vpi";
:vpi_module "C:\iverilog\lib\ivl\vhdl_sys.vpi";
:vpi_module "C:\iverilog\lib\ivl\vhdl_textio.vpi";
:vpi_module "C:\iverilog\lib\ivl\v2005_math.vpi";
:vpi_module "C:\iverilog\lib\ivl\va_math.vpi";
:vpi_module "C:\iverilog\lib\ivl\v2009.vpi";
S_000001afd0a29000 .scope package, "$unit" "$unit" 2 1;
 .timescale 0 0;
S_000001afd0a29190 .scope module, "send_img_tb" "send_img_tb" 3 4;
 .timescale -9 -12;
L_000001afd0a370b0 .functor NOT 1, v000001afd0a1a1d0_0, C4<0>, C4<0>, C4<0>;
L_000001afd0a36a90 .functor AND 1, L_000001afd0a370b0, v000001afd0ab31c0_0, C4<1>, C4<1>;
v000001afd0ab3f80_0 .net *"_ivl_0", 0 0, L_000001afd0a370b0;  1 drivers
v000001afd0ab3940_0 .var "btn_edge", 0 0;
v000001afd0ab3080_0 .var "clk", 0 0;
v000001afd0ab39e0_0 .net "cond", 0 0, L_000001afd0a36a90;  1 drivers
v000001afd0ab3ee0_0 .net "out_state", 1 0, v000001afd0ab3800_0;  1 drivers
v000001afd0ab3620_0 .var "pixel_out", 7 0;
v000001afd0ab3a80_0 .net "read_pixel_addr", 13 0, v000001afd09e2970_0;  1 drivers
v000001afd0ab3260_0 .net "send", 0 0, v000001afd0ab31c0_0;  1 drivers
v000001afd0ab3300_0 .var "sys_rst", 0 0;
v000001afd0ab3b20_0 .net "tx_free", 0 0, v000001afd0a1a1d0_0;  1 drivers
v000001afd0ab33a0_0 .net "tx_img_busy", 0 0, v000001afd09e2a10_0;  1 drivers
v000001afd0ab3440_0 .var "uart_txd", 0 0;
S_000001afd0a366a0 .scope module, "tx_img" "send_img" 3 19, 4 4 0, S_000001afd0a29190;
 .timescale -9 -12;
    .port_info 0 /INPUT 1 "clk";
    .port_info 1 /INPUT 1 "rst_in";
    .port_info 2 /INPUT 1 "img_ready";
    .port_info 3 /INPUT 1 "tx";
    .port_info 4 /INPUT 8 "data";
    .port_info 5 /OUTPUT 14 "address";
    .port_info 6 /OUTPUT 1 "busy";
    .port_info 7 /OUTPUT 1 "send";
    .port_info 8 /OUTPUT 2 "out_state";
    .port_info 9 /OUTPUT 1 "tx_free";
P_000001afd0a5c8a0 .param/l "BRAM_LENGTH" 0 4 19, +C4<0000000000000000000000000000000000000000000000000001000000000000>;
enum000001afd0a46fa0 .enum2/s (32)
   "INACTIVE" 0,
   "WAITING" 1,
   "TRANSMITTING" 2
 ;
v000001afd09e2970_0 .var "address", 13 0;
v000001afd09e2a10_0 .var "busy", 0 0;
v000001afd09e2ab0_0 .net "clk", 0 0, v000001afd0ab3080_0;  1 drivers
v000001afd0ab34e0_0 .var "counter", 3 0;
v000001afd0ab3120_0 .net "data", 7 0, v000001afd0ab3620_0;  1 drivers
v000001afd0ab3d00_0 .net "img_ready", 0 0, v000001afd0ab3940_0;  1 drivers
v000001afd0ab3800_0 .var "out_state", 1 0;
v000001afd0ab3760_0 .var "pixel", 7 0;
v000001afd0ab3bc0_0 .net "rst_in", 0 0, v000001afd0ab3300_0;  1 drivers
v000001afd0ab31c0_0 .var "send", 0 0;
v000001afd0ab38a0_0 .var/2s "state", 31 0;
RS_000001afd0a5e438 .resolv tri, v000001afd09e28d0_0, v000001afd0ab3440_0;
v000001afd0ab3da0_0 .net8 "tx", 0 0, RS_000001afd0a5e438;  2 drivers
v000001afd0ab3e40_0 .net "tx_free", 0 0, v000001afd0a1a1d0_0;  alias, 1 drivers
S_000001afd0a19f00 .scope module, "utx" "uart_tx" 4 24, 5 4 0, S_000001afd0a366a0;
 .timescale -9 -12;
    .port_info 0 /INPUT 1 "clk";
    .port_info 1 /INPUT 8 "data_i";
    .port_info 2 /INPUT 1 "start_i";
    .port_info 3 /OUTPUT 1 "done_o";
    .port_info 4 /OUTPUT 1 "tx";
P_000001afd0a5c460 .param/l "CLOCKS_PER_BAUD" 0 5 14, +C4<00000000000000000000000000110010>;
v000001afd0a54c30_0 .var "baud_counter", 5 0;
v000001afd09e2eb0_0 .var "bit_index", 3 0;
v000001afd09e3240_0 .var "buffer", 8 0;
v000001afd0a1a090_0 .net "clk", 0 0, v000001afd0ab3080_0;  alias, 1 drivers
v000001afd0a1a130_0 .net "data_i", 7 0, v000001afd0ab3760_0;  1 drivers
v000001afd0a1a1d0_0 .var "done_o", 0 0;
v000001afd09e2830_0 .net "start_i", 0 0, v000001afd0ab31c0_0;  alias, 1 drivers
v000001afd09e28d0_0 .var "tx", 0 0;
E_000001afd0a5c320 .event posedge, v000001afd0a1a090_0;
S_000001afd0a36400 .scope module, "xilinx_true_dual_port_read_first_2_clock_ram" "xilinx_true_dual_port_read_first_2_clock_ram" 6 10;
 .timescale -9 -12;
    .port_info 0 /INPUT 10 "addra";
    .port_info 1 /INPUT 10 "addrb";
    .port_info 2 /INPUT 18 "dina";
    .port_info 3 /INPUT 18 "dinb";
    .port_info 4 /INPUT 1 "clka";
    .port_info 5 /INPUT 1 "clkb";
    .port_info 6 /INPUT 1 "wea";
    .port_info 7 /INPUT 1 "web";
    .port_info 8 /INPUT 1 "ena";
    .port_info 9 /INPUT 1 "enb";
    .port_info 10 /INPUT 1 "rsta";
    .port_info 11 /INPUT 1 "rstb";
    .port_info 12 /INPUT 1 "regcea";
    .port_info 13 /INPUT 1 "regceb";
    .port_info 14 /OUTPUT 18 "douta";
    .port_info 15 /OUTPUT 18 "doutb";
P_000001afd0a29320 .param/str "INIT_FILE" 0 6 14, "\000";
P_000001afd0a29358 .param/l "RAM_DEPTH" 0 6 12, +C4<00000000000000000000010000000000>;
P_000001afd0a29390 .param/str "RAM_PERFORMANCE" 0 6 13, "HIGH_PERFORMANCE";
P_000001afd0a293c8 .param/l "RAM_WIDTH" 0 6 11, +C4<00000000000000000000000000010010>;
v000001afd0ab5df0 .array "BRAM", 0 1023, 17 0;
o000001afd0a5ea38 .functor BUFZ 10, C4<zzzzzzzzzz>; HiZ drive
v000001afd0ab4f90_0 .net "addra", 9 0, o000001afd0a5ea38;  0 drivers
o000001afd0a5ea68 .functor BUFZ 10, C4<zzzzzzzzzz>; HiZ drive
v000001afd0ab48b0_0 .net "addrb", 9 0, o000001afd0a5ea68;  0 drivers
o000001afd0a5ea98 .functor BUFZ 1, C4<z>; HiZ drive
v000001afd0ab4b30_0 .net "clka", 0 0, o000001afd0a5ea98;  0 drivers
o000001afd0a5eac8 .functor BUFZ 1, C4<z>; HiZ drive
v000001afd0ab5670_0 .net "clkb", 0 0, o000001afd0a5eac8;  0 drivers
o000001afd0a5eaf8 .functor BUFZ 18, C4<zzzzzzzzzzzzzzzzzz>; HiZ drive
v000001afd0ab5f30_0 .net "dina", 17 0, o000001afd0a5eaf8;  0 drivers
o000001afd0a5eb28 .functor BUFZ 18, C4<zzzzzzzzzzzzzzzzzz>; HiZ drive
v000001afd0ab5170_0 .net "dinb", 17 0, o000001afd0a5eb28;  0 drivers
v000001afd0ab4c70_0 .net "douta", 17 0, L_000001afd0a36cc0;  1 drivers
v000001afd0ab61b0_0 .net "doutb", 17 0, L_000001afd0a36a20;  1 drivers
o000001afd0a5ebb8 .functor BUFZ 1, C4<z>; HiZ drive
v000001afd0ab4810_0 .net "ena", 0 0, o000001afd0a5ebb8;  0 drivers
o000001afd0a5ebe8 .functor BUFZ 1, C4<z>; HiZ drive
v000001afd0ab5210_0 .net "enb", 0 0, o000001afd0a5ebe8;  0 drivers
v000001afd0ab52b0_0 .var/i "idx", 31 0;
v000001afd0ab58f0_0 .var "ram_data_a", 17 0;
v000001afd0ab43b0_0 .var "ram_data_b", 17 0;
o000001afd0a5eca8 .functor BUFZ 1, C4<z>; HiZ drive
v000001afd0ab4db0_0 .net "regcea", 0 0, o000001afd0a5eca8;  0 drivers
o000001afd0a5ecd8 .functor BUFZ 1, C4<z>; HiZ drive
v000001afd0ab55d0_0 .net "regceb", 0 0, o000001afd0a5ecd8;  0 drivers
o000001afd0a5ed08 .functor BUFZ 1, C4<z>; HiZ drive
v000001afd0ab5710_0 .net "rsta", 0 0, o000001afd0a5ed08;  0 drivers
o000001afd0a5ed38 .functor BUFZ 1, C4<z>; HiZ drive
v000001afd0ab46d0_0 .net "rstb", 0 0, o000001afd0a5ed38;  0 drivers
o000001afd0a5ed68 .functor BUFZ 1, C4<z>; HiZ drive
v000001afd0ab5990_0 .net "wea", 0 0, o000001afd0a5ed68;  0 drivers
o000001afd0a5ed98 .functor BUFZ 1, C4<z>; HiZ drive
v000001afd0ab5850_0 .net "web", 0 0, o000001afd0a5ed98;  0 drivers
S_000001afd09e2b50 .scope function.vec4.u32, "clogb2" "clogb2" 6 113, 6 113 0, S_000001afd0a36400;
 .timescale -9 -12;
; Variable clogb2 is vec4 return value of scope S_000001afd09e2b50
v000001afd0ab36c0_0 .var/i "depth", 31 0;
TD_xilinx_true_dual_port_read_first_2_clock_ram.clogb2 ;
    %pushi/vec4 0, 0, 32;
    %ret/vec4 0, 0, 32;  Assign to clogb2 (store_vec4_to_lval)
T_0.0 ;
    %load/vec4 v000001afd0ab36c0_0;
    %cmpi/s 0, 0, 32;
    %flag_or 5, 4; GT is !LE
    %flag_inv 5;
    %jmp/0xz T_0.1, 5;
    %load/vec4 v000001afd0ab36c0_0;
    %ix/load 4, 1, 0;
    %flag_set/imm 4, 0;
    %shiftr 4;
    %store/vec4 v000001afd0ab36c0_0, 0, 32;
    %retload/vec4 0; Load clogb2 (draw_signal_vec4)
    %addi 1, 0, 32;
    %ret/vec4 0, 0, 32;  Assign to clogb2 (store_vec4_to_lval)
    %jmp T_0.0;
T_0.1 ;
    %end;
S_000001afd0ab4040 .scope generate, "init_bram_to_zero" "init_bram_to_zero" 6 49, 6 49 0, S_000001afd0a36400;
 .timescale -9 -12;
v000001afd0ab3580_0 .var/i "ram_index", 31 0;
S_000001afd0ab41d0 .scope generate, "output_register" "output_register" 6 81, 6 81 0, S_000001afd0a36400;
 .timescale -9 -12;
L_000001afd0a36cc0 .functor BUFZ 18, v000001afd0ab4bd0_0, C4<000000000000000000>, C4<000000000000000000>, C4<000000000000000000>;
L_000001afd0a36a20 .functor BUFZ 18, v000001afd0ab5530_0, C4<000000000000000000>, C4<000000000000000000>, C4<000000000000000000>;
v000001afd0ab4bd0_0 .var "douta_reg", 17 0;
v000001afd0ab5530_0 .var "doutb_reg", 17 0;
E_000001afd0a5cf20 .event posedge, v000001afd0ab5670_0;
E_000001afd0a5d0e0 .event posedge, v000001afd0ab4b30_0;
    .scope S_000001afd0a19f00;
T_1 ;
    %pushi/vec4 0, 0, 6;
    %store/vec4 v000001afd0a54c30_0, 0, 6;
    %pushi/vec4 0, 0, 9;
    %store/vec4 v000001afd09e3240_0, 0, 9;
    %pushi/vec4 0, 0, 4;
    %store/vec4 v000001afd09e2eb0_0, 0, 4;
    %end;
    .thread T_1, $init;
    .scope S_000001afd0a19f00;
T_2 ;
    %pushi/vec4 1, 0, 1;
    %store/vec4 v000001afd0a1a1d0_0, 0, 1;
    %end;
    .thread T_2;
    .scope S_000001afd0a19f00;
T_3 ;
    %pushi/vec4 1, 0, 1;
    %store/vec4 v000001afd09e28d0_0, 0, 1;
    %end;
    .thread T_3;
    .scope S_000001afd0a19f00;
T_4 ;
    %wait E_000001afd0a5c320;
    %load/vec4 v000001afd09e2830_0;
    %flag_set/vec4 9;
    %flag_get/vec4 9;
    %jmp/0 T_4.2, 9;
    %load/vec4 v000001afd0a1a1d0_0;
    %and;
T_4.2;
    %flag_set/vec4 8;
    %jmp/0xz  T_4.0, 8;
    %pushi/vec4 49, 0, 6;
    %assign/vec4 v000001afd0a54c30_0, 0;
    %pushi/vec4 1, 0, 1;
    %load/vec4 v000001afd0a1a130_0;
    %concat/vec4; draw_concat_vec4
    %assign/vec4 v000001afd09e3240_0, 0;
    %pushi/vec4 0, 0, 4;
    %assign/vec4 v000001afd09e2eb0_0, 0;
    %pushi/vec4 0, 0, 1;
    %assign/vec4 v000001afd0a1a1d0_0, 0;
    %pushi/vec4 0, 0, 1;
    %assign/vec4 v000001afd09e28d0_0, 0;
    %jmp T_4.1;
T_4.0 ;
    %load/vec4 v000001afd0a1a1d0_0;
    %nor/r;
    %flag_set/vec4 8;
    %jmp/0xz  T_4.3, 8;
    %load/vec4 v000001afd0a54c30_0;
    %subi 1, 0, 6;
    %assign/vec4 v000001afd0a54c30_0, 0;
    %load/vec4 v000001afd0a54c30_0;
    %pad/u 32;
    %cmpi/e 1, 0, 32;
    %flag_get/vec4 4;
    %jmp/0 T_4.5, 4;
    %load/vec4 v000001afd09e2eb0_0;
    %pad/u 32;
    %pushi/vec4 9, 0, 32;
    %cmp/e;
    %flag_get/vec4 4;
    %and;
T_4.5;
    %assign/vec4 v000001afd0a1a1d0_0, 0;
    %load/vec4 v000001afd0a54c30_0;
    %pad/u 32;
    %cmpi/e 0, 0, 32;
    %jmp/0xz  T_4.6, 4;
    %pushi/vec4 49, 0, 6;
    %assign/vec4 v000001afd0a54c30_0, 0;
    %load/vec4 v000001afd09e2eb0_0;
    %pad/u 32;
    %cmpi/u 9, 0, 32;
    %jmp/0xz  T_4.8, 5;
    %load/vec4 v000001afd09e3240_0;
    %load/vec4 v000001afd09e2eb0_0;
    %part/u 1;
    %assign/vec4 v000001afd09e28d0_0, 0;
    %load/vec4 v000001afd09e2eb0_0;
    %addi 1, 0, 4;
    %assign/vec4 v000001afd09e2eb0_0, 0;
    %jmp T_4.9;
T_4.8 ;
    %load/vec4 v000001afd09e2830_0;
    %flag_set/vec4 8;
    %jmp/0xz  T_4.10, 8;
    %pushi/vec4 1, 0, 1;
    %load/vec4 v000001afd0a1a130_0;
    %concat/vec4; draw_concat_vec4
    %assign/vec4 v000001afd09e3240_0, 0;
    %pushi/vec4 0, 0, 4;
    %assign/vec4 v000001afd09e2eb0_0, 0;
    %pushi/vec4 0, 0, 1;
    %assign/vec4 v000001afd09e28d0_0, 0;
    %jmp T_4.11;
T_4.10 ;
    %pushi/vec4 1, 0, 1;
    %assign/vec4 v000001afd0a1a1d0_0, 0;
T_4.11 ;
T_4.9 ;
T_4.6 ;
T_4.3 ;
T_4.1 ;
    %jmp T_4;
    .thread T_4;
    .scope S_000001afd0a366a0;
T_5 ;
    %wait E_000001afd0a5c320;
    %load/vec4 v000001afd0ab3bc0_0;
    %flag_set/vec4 8;
    %jmp/0xz  T_5.0, 8;
    %pushi/vec4 0, 0, 32;
    %assign/vec4 v000001afd0ab38a0_0, 0;
    %pushi/vec4 0, 0, 4;
    %assign/vec4 v000001afd0ab34e0_0, 0;
    %pushi/vec4 0, 0, 8;
    %assign/vec4 v000001afd0ab3760_0, 0;
    %pushi/vec4 0, 0, 1;
    %assign/vec4 v000001afd0ab31c0_0, 0;
    %pushi/vec4 0, 0, 14;
    %assign/vec4 v000001afd09e2970_0, 0;
    %pushi/vec4 0, 0, 2;
    %assign/vec4 v000001afd0ab3800_0, 0;
    %pushi/vec4 0, 0, 1;
    %assign/vec4 v000001afd09e2a10_0, 0;
    %jmp T_5.1;
T_5.0 ;
    %load/vec4 v000001afd0ab38a0_0;
    %dup/vec4;
    %pushi/vec4 0, 0, 32;
    %cmp/u;
    %jmp/1 T_5.2, 6;
    %dup/vec4;
    %pushi/vec4 1, 0, 32;
    %cmp/u;
    %jmp/1 T_5.3, 6;
    %dup/vec4;
    %pushi/vec4 2, 0, 32;
    %cmp/u;
    %jmp/1 T_5.4, 6;
    %jmp T_5.5;
T_5.2 ;
    %load/vec4 v000001afd0ab3d00_0;
    %flag_set/vec4 8;
    %jmp/0xz  T_5.6, 8;
    %pushi/vec4 1, 0, 32;
    %assign/vec4 v000001afd0ab38a0_0, 0;
    %pushi/vec4 0, 0, 4;
    %assign/vec4 v000001afd0ab34e0_0, 0;
    %pushi/vec4 1, 0, 1;
    %assign/vec4 v000001afd09e2a10_0, 0;
    %pushi/vec4 1, 0, 2;
    %assign/vec4 v000001afd0ab3800_0, 0;
    %pushi/vec4 0, 0, 1;
    %assign/vec4 v000001afd0ab31c0_0, 0;
    %pushi/vec4 0, 0, 14;
    %assign/vec4 v000001afd09e2970_0, 0;
    %jmp T_5.7;
T_5.6 ;
    %pushi/vec4 0, 0, 32;
    %assign/vec4 v000001afd0ab38a0_0, 0;
    %pushi/vec4 0, 0, 1;
    %assign/vec4 v000001afd09e2a10_0, 0;
    %pushi/vec4 0, 0, 2;
    %assign/vec4 v000001afd0ab3800_0, 0;
T_5.7 ;
    %jmp T_5.5;
T_5.3 ;
    %load/vec4 v000001afd0ab3e40_0;
    %inv;
    %load/vec4 v000001afd0ab31c0_0;
    %and;
    %flag_set/vec4 8;
    %jmp/0xz  T_5.8, 8;
    %pushi/vec4 2, 0, 2;
    %assign/vec4 v000001afd0ab3800_0, 0;
    %pushi/vec4 2, 0, 32;
    %assign/vec4 v000001afd0ab38a0_0, 0;
    %pushi/vec4 0, 0, 1;
    %assign/vec4 v000001afd0ab31c0_0, 0;
    %jmp T_5.9;
T_5.8 ;
    %load/vec4 v000001afd0ab34e0_0;
    %cmpi/e 2, 0, 4;
    %jmp/0xz  T_5.10, 4;
    %load/vec4 v000001afd0ab3120_0;
    %assign/vec4 v000001afd0ab3760_0, 0;
    %pushi/vec4 1, 0, 1;
    %assign/vec4 v000001afd0ab31c0_0, 0;
    %jmp T_5.11;
T_5.10 ;
    %load/vec4 v000001afd0ab34e0_0;
    %addi 1, 0, 4;
    %assign/vec4 v000001afd0ab34e0_0, 0;
    %pushi/vec4 1, 0, 2;
    %assign/vec4 v000001afd0ab3800_0, 0;
    %pushi/vec4 1, 0, 32;
    %assign/vec4 v000001afd0ab38a0_0, 0;
T_5.11 ;
T_5.9 ;
    %jmp T_5.5;
T_5.4 ;
    %load/vec4 v000001afd0ab3e40_0;
    %flag_set/vec4 8;
    %jmp/0xz  T_5.12, 8;
    %load/vec4 v000001afd09e2970_0;
    %pad/u 64;
    %cmpi/e 4095, 0, 64;
    %jmp/0xz  T_5.14, 4;
    %pushi/vec4 0, 0, 32;
    %assign/vec4 v000001afd0ab38a0_0, 0;
    %pushi/vec4 0, 0, 2;
    %assign/vec4 v000001afd0ab3800_0, 0;
    %pushi/vec4 0, 0, 1;
    %assign/vec4 v000001afd09e2a10_0, 0;
    %pushi/vec4 0, 0, 1;
    %assign/vec4 v000001afd0ab31c0_0, 0;
    %jmp T_5.15;
T_5.14 ;
    %load/vec4 v000001afd09e2970_0;
    %addi 1, 0, 14;
    %assign/vec4 v000001afd09e2970_0, 0;
    %pushi/vec4 0, 0, 4;
    %assign/vec4 v000001afd0ab34e0_0, 0;
    %pushi/vec4 1, 0, 32;
    %assign/vec4 v000001afd0ab38a0_0, 0;
    %pushi/vec4 1, 0, 2;
    %assign/vec4 v000001afd0ab3800_0, 0;
    %pushi/vec4 0, 0, 1;
    %assign/vec4 v000001afd0ab31c0_0, 0;
T_5.15 ;
    %jmp T_5.13;
T_5.12 ;
    %pushi/vec4 2, 0, 32;
    %assign/vec4 v000001afd0ab38a0_0, 0;
    %pushi/vec4 2, 0, 2;
    %assign/vec4 v000001afd0ab3800_0, 0;
    %pushi/vec4 0, 0, 1;
    %assign/vec4 v000001afd0ab31c0_0, 0;
T_5.13 ;
    %jmp T_5.5;
T_5.5 ;
    %pop/vec4 1;
T_5.1 ;
    %jmp T_5;
    .thread T_5;
    .scope S_000001afd0a29190;
T_6 ;
    %delay 5000, 0;
    %load/vec4 v000001afd0ab3080_0;
    %nor/r;
    %store/vec4 v000001afd0ab3080_0, 0, 1;
    %jmp T_6;
    .thread T_6;
    .scope S_000001afd0a29190;
T_7 ;
    %vpi_call/w 3 60 "$dumpfile", "send_img.vcd" {0 0 0};
    %vpi_call/w 3 61 "$dumpvars", 32'sb00000000000000000000000000000000, S_000001afd0a29190 {0 0 0};
    %vpi_call/w 3 62 "$display", "Starting Sim" {0 0 0};
    %pushi/vec4 0, 0, 1;
    %store/vec4 v000001afd0ab3080_0, 0, 1;
    %pushi/vec4 0, 0, 1;
    %store/vec4 v000001afd0ab3940_0, 0, 1;
    %pushi/vec4 0, 0, 8;
    %store/vec4 v000001afd0ab3620_0, 0, 8;
    %pushi/vec4 1, 0, 1;
    %store/vec4 v000001afd0ab3440_0, 0, 1;
    %delay 10000, 0;
    %pushi/vec4 1, 0, 1;
    %store/vec4 v000001afd0ab3300_0, 0, 1;
    %delay 10000, 0;
    %pushi/vec4 0, 0, 1;
    %store/vec4 v000001afd0ab3300_0, 0, 1;
    %pushi/vec4 1, 0, 1;
    %store/vec4 v000001afd0ab3940_0, 0, 1;
    %delay 5000000, 0;
    %vpi_call/w 3 83 "$display", "Sent!" {0 0 0};
    %vpi_call/w 3 84 "$finish" {0 0 0};
    %end;
    .thread T_7;
    .scope S_000001afd0ab4040;
T_8 ;
    %pushi/vec4 0, 0, 32;
    %store/vec4 v000001afd0ab3580_0, 0, 32;
T_8.0 ;
    %load/vec4 v000001afd0ab3580_0;
    %cmpi/s 1024, 0, 32;
    %jmp/0xz T_8.1, 5;
    %pushi/vec4 0, 0, 18;
    %ix/getv/s 4, v000001afd0ab3580_0;
    %store/vec4a v000001afd0ab5df0, 4, 0;
    %load/vec4 v000001afd0ab3580_0;
    %addi 1, 0, 32;
    %store/vec4 v000001afd0ab3580_0, 0, 32;
    %jmp T_8.0;
T_8.1 ;
    %end;
    .thread T_8;
    .scope S_000001afd0ab41d0;
T_9 ;
    %pushi/vec4 0, 0, 18;
    %store/vec4 v000001afd0ab4bd0_0, 0, 18;
    %pushi/vec4 0, 0, 18;
    %store/vec4 v000001afd0ab5530_0, 0, 18;
    %end;
    .thread T_9, $init;
    .scope S_000001afd0ab41d0;
T_10 ;
    %wait E_000001afd0a5d0e0;
    %load/vec4 v000001afd0ab5710_0;
    %flag_set/vec4 8;
    %jmp/0xz  T_10.0, 8;
    %pushi/vec4 0, 0, 18;
    %assign/vec4 v000001afd0ab4bd0_0, 0;
    %jmp T_10.1;
T_10.0 ;
    %load/vec4 v000001afd0ab4db0_0;
    %flag_set/vec4 8;
    %jmp/0xz  T_10.2, 8;
    %load/vec4 v000001afd0ab58f0_0;
    %assign/vec4 v000001afd0ab4bd0_0, 0;
T_10.2 ;
T_10.1 ;
    %jmp T_10;
    .thread T_10;
    .scope S_000001afd0ab41d0;
T_11 ;
    %wait E_000001afd0a5cf20;
    %load/vec4 v000001afd0ab46d0_0;
    %flag_set/vec4 8;
    %jmp/0xz  T_11.0, 8;
    %pushi/vec4 0, 0, 18;
    %assign/vec4 v000001afd0ab5530_0, 0;
    %jmp T_11.1;
T_11.0 ;
    %load/vec4 v000001afd0ab55d0_0;
    %flag_set/vec4 8;
    %jmp/0xz  T_11.2, 8;
    %load/vec4 v000001afd0ab43b0_0;
    %assign/vec4 v000001afd0ab5530_0, 0;
T_11.2 ;
T_11.1 ;
    %jmp T_11;
    .thread T_11;
    .scope S_000001afd0a36400;
T_12 ;
    %pushi/vec4 0, 0, 18;
    %store/vec4 v000001afd0ab58f0_0, 0, 18;
    %pushi/vec4 0, 0, 18;
    %store/vec4 v000001afd0ab43b0_0, 0, 18;
    %end;
    .thread T_12, $init;
    .scope S_000001afd0a36400;
T_13 ;
    %pushi/vec4 0, 0, 32;
    %store/vec4 v000001afd0ab52b0_0, 0, 32;
T_13.0 ;
    %load/vec4 v000001afd0ab52b0_0;
    %cmpi/s 1024, 0, 32;
    %jmp/0xz T_13.1, 5;
    %vpi_call/w 6 62 "$dumpvars", 32'sb00000000000000000000000000000000, &A<v000001afd0ab5df0, v000001afd0ab52b0_0 > {0 0 0};
    %load/vec4 v000001afd0ab52b0_0;
    %addi 1, 0, 32;
    %store/vec4 v000001afd0ab52b0_0, 0, 32;
    %jmp T_13.0;
T_13.1 ;
    %end;
    .thread T_13;
    .scope S_000001afd0a36400;
T_14 ;
    %wait E_000001afd0a5d0e0;
    %load/vec4 v000001afd0ab4810_0;
    %flag_set/vec4 8;
    %jmp/0xz  T_14.0, 8;
    %load/vec4 v000001afd0ab5990_0;
    %flag_set/vec4 8;
    %jmp/0xz  T_14.2, 8;
    %load/vec4 v000001afd0ab5f30_0;
    %load/vec4 v000001afd0ab4f90_0;
    %pad/u 12;
    %ix/vec4 3;
    %ix/load 4, 0, 0; Constant delay
    %assign/vec4/a/d v000001afd0ab5df0, 0, 4;
T_14.2 ;
    %load/vec4 v000001afd0ab4f90_0;
    %pad/u 12;
    %ix/vec4 4;
    %load/vec4a v000001afd0ab5df0, 4;
    %assign/vec4 v000001afd0ab58f0_0, 0;
T_14.0 ;
    %jmp T_14;
    .thread T_14;
    .scope S_000001afd0a36400;
T_15 ;
    %wait E_000001afd0a5cf20;
    %load/vec4 v000001afd0ab5210_0;
    %flag_set/vec4 8;
    %jmp/0xz  T_15.0, 8;
    %load/vec4 v000001afd0ab5850_0;
    %flag_set/vec4 8;
    %jmp/0xz  T_15.2, 8;
    %load/vec4 v000001afd0ab5170_0;
    %load/vec4 v000001afd0ab48b0_0;
    %pad/u 12;
    %ix/vec4 3;
    %ix/load 4, 0, 0; Constant delay
    %assign/vec4/a/d v000001afd0ab5df0, 0, 4;
T_15.2 ;
    %load/vec4 v000001afd0ab48b0_0;
    %pad/u 12;
    %ix/vec4 4;
    %load/vec4a v000001afd0ab5df0, 4;
    %assign/vec4 v000001afd0ab43b0_0, 0;
T_15.0 ;
    %jmp T_15;
    .thread T_15;
# The file index is used to find the file name in the following table.
:file_names 7;
    "N/A";
    "<interactive>";
    "-";
    "sim\send_img_tb.sv";
    "hdl\send_img.sv";
    "hdl\uart_tx.v";
    "hdl\xilinx_true_dual_port_read_first_2_clock_ram.v";
