#! /c/Source/iverilog-install/bin/vvp
:ivl_version "12.0 (devel)" "(s20150603-1539-g2693dd32b)";
:ivl_delay_selection "TYPICAL";
:vpi_time_precision - 12;
:vpi_module "C:\iverilog\lib\ivl\system.vpi";
:vpi_module "C:\iverilog\lib\ivl\vhdl_sys.vpi";
:vpi_module "C:\iverilog\lib\ivl\vhdl_textio.vpi";
:vpi_module "C:\iverilog\lib\ivl\v2005_math.vpi";
:vpi_module "C:\iverilog\lib\ivl\va_math.vpi";
:vpi_module "C:\iverilog\lib\ivl\v2009.vpi";
S_000002332a30be00 .scope package, "$unit" "$unit" 2 1;
 .timescale 0 0;
S_000002332a122830 .scope module, "uart_tx" "uart_tx" 3 4;
 .timescale -9 -12;
    .port_info 0 /INPUT 1 "clk";
    .port_info 1 /INPUT 8 "data_i";
    .port_info 2 /INPUT 1 "start_i";
    .port_info 3 /OUTPUT 1 "done_o";
    .port_info 4 /OUTPUT 1 "tx";
P_000002332a309070 .param/l "CLOCKS_PER_BAUD" 0 3 14, +C4<00000000000000000000000000000000>;
v000002332a123220_0 .var "baud_counter", -1 0;
v000002332a1229c0_0 .var "bit_index", 3 0;
v000002332a122a60_0 .var "buffer", 8 0;
o000002332a15a028 .functor BUFZ 1, C4<z>; HiZ drive
v000002332a122b00_0 .net "clk", 0 0, o000002332a15a028;  0 drivers
o000002332a15a058 .functor BUFZ 8, C4<zzzzzzzz>; HiZ drive
v000002332a122ba0_0 .net "data_i", 7 0, o000002332a15a058;  0 drivers
v000002332a1534a0_0 .var "done_o", 0 0;
o000002332a15a0b8 .functor BUFZ 1, C4<z>; HiZ drive
v000002332a153540_0 .net "start_i", 0 0, o000002332a15a0b8;  0 drivers
v000002332a1535e0_0 .var "tx", 0 0;
E_000002332a308970 .event posedge, v000002332a122b00_0;
    .scope S_000002332a122830;
T_0 ;
    %pushi/vec4 0, 0, 2;
    %store/vec4 v000002332a123220_0, 0, 2;
    %pushi/vec4 0, 0, 9;
    %store/vec4 v000002332a122a60_0, 0, 9;
    %pushi/vec4 0, 0, 4;
    %store/vec4 v000002332a1229c0_0, 0, 4;
    %end;
    .thread T_0, $init;
    .scope S_000002332a122830;
T_1 ;
    %pushi/vec4 1, 0, 1;
    %store/vec4 v000002332a1534a0_0, 0, 1;
    %end;
    .thread T_1;
    .scope S_000002332a122830;
T_2 ;
    %pushi/vec4 1, 0, 1;
    %store/vec4 v000002332a1535e0_0, 0, 1;
    %end;
    .thread T_2;
    .scope S_000002332a122830;
T_3 ;
    %wait E_000002332a308970;
    %load/vec4 v000002332a153540_0;
    %flag_set/vec4 9;
    %flag_get/vec4 9;
    %jmp/0 T_3.2, 9;
    %load/vec4 v000002332a1534a0_0;
    %and;
T_3.2;
    %flag_set/vec4 8;
    %jmp/0xz  T_3.0, 8;
    %pushi/vec4 3, 0, 2;
    %assign/vec4 v000002332a123220_0, 0;
    %pushi/vec4 1, 0, 1;
    %load/vec4 v000002332a122ba0_0;
    %concat/vec4; draw_concat_vec4
    %assign/vec4 v000002332a122a60_0, 0;
    %pushi/vec4 0, 0, 4;
    %assign/vec4 v000002332a1229c0_0, 0;
    %pushi/vec4 0, 0, 1;
    %assign/vec4 v000002332a1534a0_0, 0;
    %pushi/vec4 0, 0, 1;
    %assign/vec4 v000002332a1535e0_0, 0;
    %jmp T_3.1;
T_3.0 ;
    %load/vec4 v000002332a1534a0_0;
    %nor/r;
    %flag_set/vec4 8;
    %jmp/0xz  T_3.3, 8;
    %load/vec4 v000002332a123220_0;
    %subi 1, 0, 2;
    %assign/vec4 v000002332a123220_0, 0;
    %load/vec4 v000002332a123220_0;
    %pad/u 32;
    %cmpi/e 1, 0, 32;
    %flag_get/vec4 4;
    %jmp/0 T_3.5, 4;
    %load/vec4 v000002332a1229c0_0;
    %pad/u 32;
    %pushi/vec4 9, 0, 32;
    %cmp/e;
    %flag_get/vec4 4;
    %and;
T_3.5;
    %assign/vec4 v000002332a1534a0_0, 0;
    %load/vec4 v000002332a123220_0;
    %pad/u 32;
    %cmpi/e 0, 0, 32;
    %jmp/0xz  T_3.6, 4;
    %pushi/vec4 3, 0, 2;
    %assign/vec4 v000002332a123220_0, 0;
    %load/vec4 v000002332a1229c0_0;
    %pad/u 32;
    %cmpi/u 9, 0, 32;
    %jmp/0xz  T_3.8, 5;
    %load/vec4 v000002332a122a60_0;
    %load/vec4 v000002332a1229c0_0;
    %part/u 1;
    %assign/vec4 v000002332a1535e0_0, 0;
    %load/vec4 v000002332a1229c0_0;
    %addi 1, 0, 4;
    %assign/vec4 v000002332a1229c0_0, 0;
    %jmp T_3.9;
T_3.8 ;
    %load/vec4 v000002332a153540_0;
    %flag_set/vec4 8;
    %jmp/0xz  T_3.10, 8;
    %pushi/vec4 1, 0, 1;
    %load/vec4 v000002332a122ba0_0;
    %concat/vec4; draw_concat_vec4
    %assign/vec4 v000002332a122a60_0, 0;
    %pushi/vec4 0, 0, 4;
    %assign/vec4 v000002332a1229c0_0, 0;
    %pushi/vec4 0, 0, 1;
    %assign/vec4 v000002332a1535e0_0, 0;
    %jmp T_3.11;
T_3.10 ;
    %pushi/vec4 1, 0, 1;
    %assign/vec4 v000002332a1534a0_0, 0;
T_3.11 ;
T_3.9 ;
T_3.6 ;
T_3.3 ;
T_3.1 ;
    %jmp T_3;
    .thread T_3;
# The file index is used to find the file name in the following table.
:file_names 4;
    "N/A";
    "<interactive>";
    "-";
    "hdl\uart_tx.v";
