Copyright 1986-2022 Xilinx, Inc. All Rights Reserved. Copyright 2022-2023 Advanced Micro Devices, Inc. All Rights Reserved.
---------------------------------------------------------------------------------------------------------------------------------------------
| Tool Version : Vivado v.2023.1 (lin64) Build 3865809 Sun May  7 15:04:56 MDT 2023
| Date         : Thu Nov 30 08:02:17 2023
| Host         : worker running 64-bit Ubuntu 20.04.6 LTS
| Command      : report_timing_summary -file obj/post_synth_timing_summary.rpt
| Design       : top_level
| Device       : 7s50-csga324
| Speed File   : -1  PRODUCTION 1.23 2018-06-13
| Design State : Synthesized
---------------------------------------------------------------------------------------------------------------------------------------------

Timing Summary Report

------------------------------------------------------------------------------------------------
| Timer Settings
| --------------
------------------------------------------------------------------------------------------------

  Enable Multi Corner Analysis               :  Yes
  Enable Pessimism Removal                   :  Yes
  Pessimism Removal Resolution               :  Nearest Common Node
  Enable Input Delay Default Clock           :  No
  Enable Preset / Clear Arcs                 :  No
  Disable Flight Delays                      :  No
  Ignore I/O Paths                           :  No
  Timing Early Launch at Borrowing Latches   :  No
  Borrow Time for Max Delay Exceptions       :  Yes
  Merge Timing Exceptions                    :  Yes

  Corner  Analyze    Analyze    
  Name    Max Paths  Min Paths  
  ------  ---------  ---------  
  Slow    Yes        Yes        
  Fast    Yes        Yes        


------------------------------------------------------------------------------------------------
| Report Methodology
| ------------------
------------------------------------------------------------------------------------------------

No report available as report_methodology has not been run prior. Run report_methodology on the current design for the summary of methodology violations.



check_timing report

Table of Contents
-----------------
1. checking no_clock (0)
2. checking constant_clock (0)
3. checking pulse_width_clock (0)
4. checking unconstrained_internal_endpoints (0)
5. checking no_input_delay (3)
6. checking no_output_delay (4)
7. checking multiple_clock (0)
8. checking generated_clocks (0)
9. checking loops (0)
10. checking partial_input_delay (0)
11. checking partial_output_delay (0)
12. checking latch_loops (0)

1. checking no_clock (0)
------------------------
 There are 0 register/latch pins with no clock.


2. checking constant_clock (0)
------------------------------
 There are 0 register/latch pins with constant_clock.


3. checking pulse_width_clock (0)
---------------------------------
 There are 0 register/latch pins which need pulse_width check


4. checking unconstrained_internal_endpoints (0)
------------------------------------------------
 There are 0 pins that are not constrained for maximum delay.

 There are 0 pins that are not constrained for maximum delay due to constant clock.


5. checking no_input_delay (5)
------------------------------
 There are 5 input ports with no input delay specified. (HIGH)

 There are 0 input ports with no input delay but user has a false path constraint.


6. checking no_output_delay (4)
-------------------------------
 There are 4 ports with no output delay specified. (HIGH)

 There are 0 ports with no output delay but user has a false path constraint

 There are 0 ports with no output delay but with a timing clock defined on it or propagating through it


7. checking multiple_clock (0)
------------------------------
 There are 0 register/latch pins with multiple clocks.


8. checking generated_clocks (0)
--------------------------------
 There are 0 generated clocks that are not connected to a clock source.


9. checking loops (0)
---------------------
 There are 0 combinational loops in the design.


10. checking partial_input_delay (0)
------------------------------------
 There are 0 input ports with partial input delay specified.


11. checking partial_output_delay (0)
-------------------------------------
 There are 0 ports with partial output delay specified.


12. checking latch_loops (0)
----------------------------
 There are 0 combinational latch loops in the design through latch input



------------------------------------------------------------------------------------------------
| Design Timing Summary
| ---------------------
------------------------------------------------------------------------------------------------

    WNS(ns)      TNS(ns)  TNS Failing Endpoints  TNS Total Endpoints      WHS(ns)      THS(ns)  THS Failing Endpoints  THS Total Endpoints     WPWS(ns)     TPWS(ns)  TPWS Failing Endpoints  TPWS Total Endpoints  
    -------      -------  ---------------------  -------------------      -------      -------  ---------------------  -------------------     --------     --------  ----------------------  --------------------  
      4.003        0.000                      0                  689        0.074        0.000                      0                  689        3.500        0.000                       0                   407  


All user specified timing constraints are met.


------------------------------------------------------------------------------------------------
| Clock Summary
| -------------
------------------------------------------------------------------------------------------------

Clock  Waveform(ns)       Period(ns)      Frequency(MHz)
-----  ------------       ----------      --------------
gclk   {0.000 4.000}      10.000          100.000         


------------------------------------------------------------------------------------------------
| Intra Clock Table
| -----------------
------------------------------------------------------------------------------------------------

Clock             WNS(ns)      TNS(ns)  TNS Failing Endpoints  TNS Total Endpoints      WHS(ns)      THS(ns)  THS Failing Endpoints  THS Total Endpoints     WPWS(ns)     TPWS(ns)  TPWS Failing Endpoints  TPWS Total Endpoints  
-----             -------      -------  ---------------------  -------------------      -------      -------  ---------------------  -------------------     --------     --------  ----------------------  --------------------  
gclk                4.003        0.000                      0                  689        0.074        0.000                      0                  689        3.500        0.000                       0                   407  


------------------------------------------------------------------------------------------------
| Inter Clock Table
| -----------------
------------------------------------------------------------------------------------------------

From Clock    To Clock          WNS(ns)      TNS(ns)  TNS Failing Endpoints  TNS Total Endpoints      WHS(ns)      THS(ns)  THS Failing Endpoints  THS Total Endpoints  
----------    --------          -------      -------  ---------------------  -------------------      -------      -------  ---------------------  -------------------  


------------------------------------------------------------------------------------------------
| Other Path Groups Table
| -----------------------
------------------------------------------------------------------------------------------------

Path Group    From Clock    To Clock          WNS(ns)      TNS(ns)  TNS Failing Endpoints  TNS Total Endpoints      WHS(ns)      THS(ns)  THS Failing Endpoints  THS Total Endpoints  
----------    ----------    --------          -------      -------  ---------------------  -------------------      -------      -------  ---------------------  -------------------  


------------------------------------------------------------------------------------------------
| Timing Details
| --------------
------------------------------------------------------------------------------------------------


---------------------------------------------------------------------------------------------------
From Clock:  gclk
  To Clock:  gclk

Setup :            0  Failing Endpoints,  Worst Slack        4.003ns,  Total Violation        0.000ns
Hold  :            0  Failing Endpoints,  Worst Slack        0.074ns,  Total Violation        0.000ns
PW    :            0  Failing Endpoints,  Worst Slack        3.500ns,  Total Violation        0.000ns
---------------------------------------------------------------------------------------------------


Max Delay Paths
--------------------------------------------------------------------------------------
Slack (MET) :             4.003ns  (required time - arrival time)
  Source:                 blur/stage1_data_reg_reg[4][3]/C
                            (rising edge-triggered cell FDRE clocked by gclk  {rise@0.000ns fall@4.000ns period=10.000ns})
  Destination:            blur/stage2_data_reg[9]/D
                            (rising edge-triggered cell FDRE clocked by gclk  {rise@0.000ns fall@4.000ns period=10.000ns})
  Path Group:             gclk
  Path Type:              Setup (Max at Slow Process Corner)
  Requirement:            10.000ns  (gclk rise@10.000ns - gclk rise@0.000ns)
  Data Path Delay:        5.879ns  (logic 3.061ns (52.067%)  route 2.818ns (47.933%))
  Logic Levels:           7  (CARRY4=3 LUT3=2 LUT4=2)
  Clock Path Skew:        -0.145ns (DCD - SCD + CPR)
    Destination Clock Delay (DCD):    2.660ns = ( 12.660 - 10.000 ) 
    Source Clock Delay      (SCD):    2.920ns
    Clock Pessimism Removal (CPR):    0.115ns
  Clock Uncertainty:      0.035ns  ((TSJ^2 + TIJ^2)^1/2 + DJ) / 2 + PE
    Total System Jitter     (TSJ):    0.071ns
    Total Input Jitter      (TIJ):    0.000ns
    Discrete Jitter          (DJ):    0.000ns
    Phase Error              (PE):    0.000ns

    Location             Delay type                Incr(ns)  Path(ns)    Netlist Resource(s)
  -------------------------------------------------------------------    -------------------
                         (clock gclk rise edge)       0.000     0.000 r  
    N15                                               0.000     0.000 r  clk_100mhz (IN)
                         net (fo=0)                   0.000     0.000    clk_100mhz
    N15                  IBUF (Prop_ibuf_I_O)         1.440     1.440 r  clk_100mhz_IBUF_inst/O
                         net (fo=1, unplaced)         0.800     2.240    clk_100mhz_IBUF
                         BUFG (Prop_bufg_I_O)         0.096     2.336 r  clk_100mhz_IBUF_BUFG_inst/O
                         net (fo=406, unplaced)       0.584     2.920    blur/CLK
                         FDRE                                         r  blur/stage1_data_reg_reg[4][3]/C
  -------------------------------------------------------------------    -------------------
                         FDRE (Prop_fdre_C_Q)         0.456     3.376 r  blur/stage1_data_reg_reg[4][3]/Q
                         net (fo=3, unplaced)         0.759     4.135    blur/stage1_data_reg_reg[4][3]
                         LUT3 (Prop_lut3_I0_O)        0.320     4.455 r  blur/stage2_data[11]_i_25/O
                         net (fo=2, unplaced)         0.643     5.098    blur/stage2_data[11]_i_25_n_0
                         LUT4 (Prop_lut4_I3_O)        0.332     5.430 r  blur/stage2_data[11]_i_29/O
                         net (fo=1, unplaced)         0.000     5.430    blur/stage2_data[11]_i_29_n_0
                         CARRY4 (Prop_carry4_S[0]_O[2])
                                                      0.547     5.977 r  blur/stage2_data_reg[11]_i_12/O[2]
                         net (fo=2, unplaced)         0.916     6.893    blur/stage2_data_reg[11]_i_12_n_5
                         LUT3 (Prop_lut3_I0_O)        0.330     7.223 r  blur/stage2_data[7]_i_3/O
                         net (fo=2, unplaced)         0.500     7.723    blur/stage2_data[7]_i_3_n_0
                         LUT4 (Prop_lut4_I3_O)        0.327     8.050 r  blur/stage2_data[7]_i_7/O
                         net (fo=1, unplaced)         0.000     8.050    blur/stage2_data[7]_i_7_n_0
                         CARRY4 (Prop_carry4_S[3]_CO[3])
                                                      0.401     8.451 r  blur/stage2_data_reg[7]_i_1/CO[3]
                         net (fo=1, unplaced)         0.000     8.451    blur/stage2_data_reg[7]_i_1_n_0
                         CARRY4 (Prop_carry4_CI_O[1])
                                                      0.348     8.799 r  blur/stage2_data_reg[11]_i_1/O[1]
                         net (fo=1, unplaced)         0.000     8.799    blur/stage2_data_reg[11]_i_1_n_6
                         FDRE                                         r  blur/stage2_data_reg[9]/D
  -------------------------------------------------------------------    -------------------

                         (clock gclk rise edge)      10.000    10.000 r  
    N15                                               0.000    10.000 r  clk_100mhz (IN)
                         net (fo=0)                   0.000    10.000    clk_100mhz
    N15                  IBUF (Prop_ibuf_I_O)         1.370    11.370 r  clk_100mhz_IBUF_inst/O
                         net (fo=1, unplaced)         0.760    12.130    clk_100mhz_IBUF
                         BUFG (Prop_bufg_I_O)         0.091    12.221 r  clk_100mhz_IBUF_BUFG_inst/O
                         net (fo=406, unplaced)       0.439    12.660    blur/CLK
                         FDRE                                         r  blur/stage2_data_reg[9]/C
                         clock pessimism              0.115    12.775    
                         clock uncertainty           -0.035    12.740    
                         FDRE (Setup_fdre_C_D)        0.062    12.802    blur/stage2_data_reg[9]
  -------------------------------------------------------------------
                         required time                         12.802    
                         arrival time                          -8.799    
  -------------------------------------------------------------------
                         slack                                  4.003    





Min Delay Paths
--------------------------------------------------------------------------------------
Slack (MET) :             0.074ns  (arrival time - required time)
  Source:                 urx/baud_counter_reg[9]/C
                            (rising edge-triggered cell FDRE clocked by gclk  {rise@0.000ns fall@4.000ns period=10.000ns})
  Destination:            urx/baud_counter_reg[10]/D
                            (rising edge-triggered cell FDRE clocked by gclk  {rise@0.000ns fall@4.000ns period=10.000ns})
  Path Group:             gclk
  Path Type:              Hold (Min at Fast Process Corner)
  Requirement:            0.000ns  (gclk rise@0.000ns - gclk rise@0.000ns)
  Data Path Delay:        0.324ns  (logic 0.235ns (72.639%)  route 0.089ns (27.361%))
  Logic Levels:           1  (CARRY4=1)
  Clock Path Skew:        0.145ns (DCD - SCD - CPR)
    Destination Clock Delay (DCD):    1.039ns
    Source Clock Delay      (SCD):    0.686ns
    Clock Pessimism Removal (CPR):    0.208ns

    Location             Delay type                Incr(ns)  Path(ns)    Netlist Resource(s)
  -------------------------------------------------------------------    -------------------
                         (clock gclk rise edge)       0.000     0.000 r  
    N15                                               0.000     0.000 r  clk_100mhz (IN)
                         net (fo=0)                   0.000     0.000    clk_100mhz
    N15                  IBUF (Prop_ibuf_I_O)         0.209     0.209 r  clk_100mhz_IBUF_inst/O
                         net (fo=1, unplaced)         0.337     0.546    clk_100mhz_IBUF
                         BUFG (Prop_bufg_I_O)         0.026     0.572 r  clk_100mhz_IBUF_BUFG_inst/O
                         net (fo=406, unplaced)       0.114     0.686    urx/CLK
                         FDRE                                         r  urx/baud_counter_reg[9]/C
  -------------------------------------------------------------------    -------------------
                         FDRE (Prop_fdre_C_Q)         0.141     0.827 r  urx/baud_counter_reg[9]/Q
                         net (fo=3, unplaced)         0.089     0.915    urx/baud_counter_reg_n_0_[9]
                         CARRY4 (Prop_carry4_DI[0]_O[1])
                                                      0.094     1.009 r  urx/baud_counter0_carry__1/O[1]
                         net (fo=1, unplaced)         0.000     1.009    urx/baud_counter0__0[10]
                         FDRE                                         r  urx/baud_counter_reg[10]/D
  -------------------------------------------------------------------    -------------------

                         (clock gclk rise edge)       0.000     0.000 r  
    N15                                               0.000     0.000 r  clk_100mhz (IN)
                         net (fo=0)                   0.000     0.000    clk_100mhz
    N15                  IBUF (Prop_ibuf_I_O)         0.396     0.396 r  clk_100mhz_IBUF_inst/O
                         net (fo=1, unplaced)         0.355     0.751    clk_100mhz_IBUF
                         BUFG (Prop_bufg_I_O)         0.029     0.780 r  clk_100mhz_IBUF_BUFG_inst/O
                         net (fo=406, unplaced)       0.259     1.039    urx/CLK
                         FDRE                                         r  urx/baud_counter_reg[10]/C
                         clock pessimism             -0.208     0.831    
                         FDRE (Hold_fdre_C_D)         0.105     0.936    urx/baud_counter_reg[10]
  -------------------------------------------------------------------
                         required time                         -0.936    
                         arrival time                           1.009    
  -------------------------------------------------------------------
                         slack                                  0.074    





Pulse Width Checks
--------------------------------------------------------------------------------------
Clock Name:         gclk
Waveform(ns):       { 0.000 4.000 }
Period(ns):         10.000
Sources:            { clk_100mhz }

Check Type        Corner  Lib Pin             Reference Pin  Required(ns)  Actual(ns)  Slack(ns)  Location  Pin
Min Period        n/a     RAMB36E1/CLKARDCLK  n/a            2.944         10.000      7.056                blur_img/BRAM_reg/CLKARDCLK
Low Pulse Width   Slow    FDRE/C              n/a            0.500         6.000       5.500                blur_done_reg/C
High Pulse Width  Slow    FDRE/C              n/a            0.500         4.000       3.500                blur_done_reg/C



