Copyright 1986-2022 Xilinx, Inc. All Rights Reserved. Copyright 2022-2023 Advanced Micro Devices, Inc. All Rights Reserved.
---------------------------------------------------------------------------------------------------------------------------------------------
| Tool Version : Vivado v.2023.1 (lin64) Build 3865809 Sun May  7 15:04:56 MDT 2023
| Date         : Fri Dec  1 01:12:49 2023
| Host         : worker running 64-bit Ubuntu 20.04.6 LTS
| Command      : report_timing -file obj/post_route_timing.rpt
| Design       : top_level
| Device       : 7s50-csga324
| Speed File   : -1  PRODUCTION 1.23 2018-06-13
| Design State : Routed
---------------------------------------------------------------------------------------------------------------------------------------------

Timing Report

Slack (MET) :             5.768ns  (required time - arrival time)
  Source:                 urx/state_reg[2]/C
                            (rising edge-triggered cell FDRE clocked by gclk  {rise@0.000ns fall@4.000ns period=10.000ns})
  Destination:            urx/baud_counter_reg[13]/R
                            (rising edge-triggered cell FDRE clocked by gclk  {rise@0.000ns fall@4.000ns period=10.000ns})
  Path Group:             gclk
  Path Type:              Setup (Max at Slow Process Corner)
  Requirement:            10.000ns  (gclk rise@10.000ns - gclk rise@0.000ns)
  Data Path Delay:        3.450ns  (logic 0.966ns (27.998%)  route 2.484ns (72.002%))
  Logic Levels:           2  (LUT4=1 LUT5=1)
  Clock Path Skew:        -0.019ns (DCD - SCD + CPR)
    Destination Clock Delay (DCD):    4.758ns = ( 14.758 - 10.000 ) 
    Source Clock Delay      (SCD):    5.047ns
    Clock Pessimism Removal (CPR):    0.270ns
  Clock Uncertainty:      0.035ns  ((TSJ^2 + TIJ^2)^1/2 + DJ) / 2 + PE
    Total System Jitter     (TSJ):    0.071ns
    Total Input Jitter      (TIJ):    0.000ns
    Discrete Jitter          (DJ):    0.000ns
    Phase Error              (PE):    0.000ns

    Location             Delay type                Incr(ns)  Path(ns)    Netlist Resource(s)
  -------------------------------------------------------------------    -------------------
                         (clock gclk rise edge)       0.000     0.000 r  
    N15                                               0.000     0.000 r  clk_100mhz (IN)
                         net (fo=0)                   0.000     0.000    clk_100mhz
    N15                  IBUF (Prop_ibuf_I_O)         1.440     1.440 r  clk_100mhz_IBUF_inst/O
                         net (fo=1, routed)           1.972     3.412    clk_100mhz_IBUF
    BUFGCTRL_X0Y0        BUFG (Prop_bufg_I_O)         0.096     3.508 r  clk_100mhz_IBUF_BUFG_inst/O
                         net (fo=188, routed)         1.539     5.047    urx/clk_100mhz_IBUF_BUFG
    SLICE_X11Y76         FDRE                                         r  urx/state_reg[2]/C
  -------------------------------------------------------------------    -------------------
    SLICE_X11Y76         FDRE (Prop_fdre_C_Q)         0.456     5.503 f  urx/state_reg[2]/Q
                         net (fo=12, routed)          0.997     6.500    urx/state_reg_n_0_[2]
    SLICE_X9Y76          LUT4 (Prop_lut4_I2_O)        0.153     6.653 r  urx/state[3]_i_3/O
                         net (fo=1, routed)           0.808     7.461    urx/state[3]_i_3_n_0
    SLICE_X11Y76         LUT5 (Prop_lut5_I0_O)        0.357     7.818 r  urx/state[3]_i_1/O
                         net (fo=16, routed)          0.679     8.497    urx/state[3]_i_1_n_0
    SLICE_X10Y78         FDRE                                         r  urx/baud_counter_reg[13]/R
  -------------------------------------------------------------------    -------------------

                         (clock gclk rise edge)      10.000    10.000 r  
    N15                                               0.000    10.000 r  clk_100mhz (IN)
                         net (fo=0)                   0.000    10.000    clk_100mhz
    N15                  IBUF (Prop_ibuf_I_O)         1.370    11.370 r  clk_100mhz_IBUF_inst/O
                         net (fo=1, routed)           1.868    13.238    clk_100mhz_IBUF
    BUFGCTRL_X0Y0        BUFG (Prop_bufg_I_O)         0.091    13.329 r  clk_100mhz_IBUF_BUFG_inst/O
                         net (fo=188, routed)         1.429    14.758    urx/clk_100mhz_IBUF_BUFG
    SLICE_X10Y78         FDRE                                         r  urx/baud_counter_reg[13]/C
                         clock pessimism              0.270    15.028    
                         clock uncertainty           -0.035    14.992    
    SLICE_X10Y78         FDRE (Setup_fdre_C_R)       -0.727    14.265    urx/baud_counter_reg[13]
  -------------------------------------------------------------------
                         required time                         14.265    
                         arrival time                          -8.497    
  -------------------------------------------------------------------
                         slack                                  5.768    




